  ____________       _____________
 ____    |__( )_________  __/__  /________      __
____  /| |_  /__  ___/_  /_ __  /_  __ \_ | /| / /
___  ___ |  / _  /   _  __/ _  / / /_/ /_ |/ |/ /
 _/_/  |_/_/  /_/    /_/    /_/  \____/____/|__/
[2021-07-28 15:19:35,213] {dagbag.py:496} INFO - Filling up the DagBag from /dev/null
[2021-07-28 15:19:35,868] {plugins_manager.py:336} WARNING - Plugin 'AstronomerMenuLinks' may not be compatible with the current Airflow version. Please contact the author of the plugin.
Running the Gunicorn Server with:
Workers: 4 sync
Host: 0.0.0.0:8886
Timeout: 120
Logfiles: - -
Access Logformat: 
=================================================================            
[2021-07-28 15:19:37 -0400] [3508] [INFO] Starting gunicorn 20.1.0
[2021-07-28 15:19:37 -0400] [3508] [INFO] Listening at: http://0.0.0.0:8886 (3508)
[2021-07-28 15:19:37 -0400] [3508] [INFO] Using worker: sync
[2021-07-28 15:19:37 -0400] [3527] [INFO] Booting worker with pid: 3527
[2021-07-28 15:19:37 -0400] [3528] [INFO] Booting worker with pid: 3528
[2021-07-28 15:19:37 -0400] [3529] [INFO] Booting worker with pid: 3529
[2021-07-28 15:19:37 -0400] [3530] [INFO] Booting worker with pid: 3530
[2021-07-28 15:19:39,695] {plugins_manager.py:336} WARNING - Plugin 'AstronomerMenuLinks' may not be compatible with the current Airflow version. Please contact the author of the plugin.
[2021-07-28 15:19:39,701] {plugins_manager.py:336} WARNING - Plugin 'AstronomerMenuLinks' may not be compatible with the current Airflow version. Please contact the author of the plugin.
[2021-07-28 15:19:39,743] {plugins_manager.py:336} WARNING - Plugin 'AstronomerMenuLinks' may not be compatible with the current Airflow version. Please contact the author of the plugin.
[2021-07-28 15:19:39,750] {plugins_manager.py:336} WARNING - Plugin 'AstronomerMenuLinks' may not be compatible with the current Airflow version. Please contact the author of the plugin.
[2021-07-28 15:19:41,032] {app.py:1892} ERROR - Exception on /testappbuilderbaseview/ [GET]
Traceback (most recent call last):
  File "/home/sulstice/software/miniconda2/envs/mdpython/lib/python3.7/site-packages/flask/app.py", line 2447, in wsgi_app
    response = self.full_dispatch_request()
  File "/home/sulstice/software/miniconda2/envs/mdpython/lib/python3.7/site-packages/flask/app.py", line 1952, in full_dispatch_request
    rv = self.handle_user_exception(e)
  File "/home/sulstice/software/miniconda2/envs/mdpython/lib/python3.7/site-packages/flask/app.py", line 1821, in handle_user_exception
    reraise(exc_type, exc_value, tb)
  File "/home/sulstice/software/miniconda2/envs/mdpython/lib/python3.7/site-packages/flask/_compat.py", line 39, in reraise
    raise value
  File "/home/sulstice/software/miniconda2/envs/mdpython/lib/python3.7/site-packages/flask/app.py", line 1950, in full_dispatch_request
    rv = self.dispatch_request()
  File "/home/sulstice/software/miniconda2/envs/mdpython/lib/python3.7/site-packages/flask/app.py", line 1936, in dispatch_request
    return self.view_functions[rule.endpoint](**req.view_args)
  File "/home/sulstice/airflow/plugins/menu_link/menu_link.py", line 35, in test
    return self.render_template("test_plugin/test.html", content="Hello galaxy!")
  File "/home/sulstice/software/miniconda2/envs/mdpython/lib/python3.7/site-packages/flask_appbuilder/baseviews.py", line 288, in render_template
    template, **dict(list(kwargs.items()) + list(self.extra_args.items()))
  File "/home/sulstice/software/miniconda2/envs/mdpython/lib/python3.7/site-packages/flask/templating.py", line 138, in render_template
    ctx.app.jinja_env.get_or_select_template(template_name_or_list),
  File "/home/sulstice/software/miniconda2/envs/mdpython/lib/python3.7/site-packages/jinja2/environment.py", line 930, in get_or_select_template
    return self.get_template(template_name_or_list, parent, globals)
  File "/home/sulstice/software/miniconda2/envs/mdpython/lib/python3.7/site-packages/jinja2/environment.py", line 883, in get_template
    return self._load_template(name, self.make_globals(globals))
  File "/home/sulstice/software/miniconda2/envs/mdpython/lib/python3.7/site-packages/jinja2/environment.py", line 857, in _load_template
    template = self.loader.load(self, name, globals)
  File "/home/sulstice/software/miniconda2/envs/mdpython/lib/python3.7/site-packages/jinja2/loaders.py", line 115, in load
    source, filename, uptodate = self.get_source(environment, name)
  File "/home/sulstice/software/miniconda2/envs/mdpython/lib/python3.7/site-packages/flask/templating.py", line 60, in get_source
    return self._get_source_fast(environment, template)
  File "/home/sulstice/software/miniconda2/envs/mdpython/lib/python3.7/site-packages/flask/templating.py", line 89, in _get_source_fast
    raise TemplateNotFound(template)
jinja2.exceptions.TemplateNotFound: test_plugin/test.html
127.0.0.1 - - [28/Jul/2021:15:19:41 -0400] "GET /testappbuilderbaseview/ HTTP/1.1" 500 3614 "http://localhost:8886/home" "Mozilla/5.0 (Macintosh; Intel Mac OS X 10_13_6) AppleWebKit/537.36 (KHTML, like Gecko) Chrome/92.0.4515.107 Safari/537.36"
[2021-07-28 15:19:41,045] {app.py:1892} ERROR - Exception on /testappbuilderbaseview/ [GET]
Traceback (most recent call last):
  File "/home/sulstice/software/miniconda2/envs/mdpython/lib/python3.7/site-packages/flask/app.py", line 2447, in wsgi_app
    response = self.full_dispatch_request()
  File "/home/sulstice/software/miniconda2/envs/mdpython/lib/python3.7/site-packages/flask/app.py", line 1952, in full_dispatch_request
    rv = self.handle_user_exception(e)
  File "/home/sulstice/software/miniconda2/envs/mdpython/lib/python3.7/site-packages/flask/app.py", line 1821, in handle_user_exception
    reraise(exc_type, exc_value, tb)
  File "/home/sulstice/software/miniconda2/envs/mdpython/lib/python3.7/site-packages/flask/_compat.py", line 39, in reraise
    raise value
  File "/home/sulstice/software/miniconda2/envs/mdpython/lib/python3.7/site-packages/flask/app.py", line 1950, in full_dispatch_request
    rv = self.dispatch_request()
  File "/home/sulstice/software/miniconda2/envs/mdpython/lib/python3.7/site-packages/flask/app.py", line 1936, in dispatch_request
    return self.view_functions[rule.endpoint](**req.view_args)
  File "/home/sulstice/airflow/plugins/menu_link/menu_link.py", line 35, in test
    return self.render_template("test_plugin/test.html", content="Hello galaxy!")
  File "/home/sulstice/software/miniconda2/envs/mdpython/lib/python3.7/site-packages/flask_appbuilder/baseviews.py", line 288, in render_template
    template, **dict(list(kwargs.items()) + list(self.extra_args.items()))
  File "/home/sulstice/software/miniconda2/envs/mdpython/lib/python3.7/site-packages/flask/templating.py", line 138, in render_template
    ctx.app.jinja_env.get_or_select_template(template_name_or_list),
  File "/home/sulstice/software/miniconda2/envs/mdpython/lib/python3.7/site-packages/jinja2/environment.py", line 930, in get_or_select_template
    return self.get_template(template_name_or_list, parent, globals)
  File "/home/sulstice/software/miniconda2/envs/mdpython/lib/python3.7/site-packages/jinja2/environment.py", line 883, in get_template
    return self._load_template(name, self.make_globals(globals))
  File "/home/sulstice/software/miniconda2/envs/mdpython/lib/python3.7/site-packages/jinja2/environment.py", line 857, in _load_template
    template = self.loader.load(self, name, globals)
  File "/home/sulstice/software/miniconda2/envs/mdpython/lib/python3.7/site-packages/jinja2/loaders.py", line 115, in load
    source, filename, uptodate = self.get_source(environment, name)
  File "/home/sulstice/software/miniconda2/envs/mdpython/lib/python3.7/site-packages/flask/templating.py", line 60, in get_source
    return self._get_source_fast(environment, template)
  File "/home/sulstice/software/miniconda2/envs/mdpython/lib/python3.7/site-packages/flask/templating.py", line 89, in _get_source_fast
    raise TemplateNotFound(template)
jinja2.exceptions.TemplateNotFound: test_plugin/test.html
127.0.0.1 - - [28/Jul/2021:15:19:41 -0400] "GET /testappbuilderbaseview/ HTTP/1.1" 500 3614 "http://localhost:8886/home" "Mozilla/5.0 (Macintosh; Intel Mac OS X 10_13_6) AppleWebKit/537.36 (KHTML, like Gecko) Chrome/92.0.4515.107 Safari/537.36"
127.0.0.1 - - [28/Jul/2021:15:19:41 -0400] "GET /favicon.ico HTTP/1.1" 404 561 "http://localhost:8886/testappbuilderbaseview/" "Mozilla/5.0 (Macintosh; Intel Mac OS X 10_13_6) AppleWebKit/537.36 (KHTML, like Gecko) Chrome/92.0.4515.107 Safari/537.36"
[2021-07-28 15:19:42,110] {app.py:1892} ERROR - Exception on /testappbuilderbaseview/ [GET]
Traceback (most recent call last):
  File "/home/sulstice/software/miniconda2/envs/mdpython/lib/python3.7/site-packages/flask/app.py", line 2447, in wsgi_app
    response = self.full_dispatch_request()
  File "/home/sulstice/software/miniconda2/envs/mdpython/lib/python3.7/site-packages/flask/app.py", line 1952, in full_dispatch_request
    rv = self.handle_user_exception(e)
  File "/home/sulstice/software/miniconda2/envs/mdpython/lib/python3.7/site-packages/flask/app.py", line 1821, in handle_user_exception
    reraise(exc_type, exc_value, tb)
  File "/home/sulstice/software/miniconda2/envs/mdpython/lib/python3.7/site-packages/flask/_compat.py", line 39, in reraise
    raise value
  File "/home/sulstice/software/miniconda2/envs/mdpython/lib/python3.7/site-packages/flask/app.py", line 1950, in full_dispatch_request
    rv = self.dispatch_request()
  File "/home/sulstice/software/miniconda2/envs/mdpython/lib/python3.7/site-packages/flask/app.py", line 1936, in dispatch_request
    return self.view_functions[rule.endpoint](**req.view_args)
  File "/home/sulstice/airflow/plugins/menu_link/menu_link.py", line 35, in test
    return self.render_template("test_plugin/test.html", content="Hello galaxy!")
  File "/home/sulstice/software/miniconda2/envs/mdpython/lib/python3.7/site-packages/flask_appbuilder/baseviews.py", line 288, in render_template
    template, **dict(list(kwargs.items()) + list(self.extra_args.items()))
  File "/home/sulstice/software/miniconda2/envs/mdpython/lib/python3.7/site-packages/flask/templating.py", line 138, in render_template
    ctx.app.jinja_env.get_or_select_template(template_name_or_list),
  File "/home/sulstice/software/miniconda2/envs/mdpython/lib/python3.7/site-packages/jinja2/environment.py", line 930, in get_or_select_template
    return self.get_template(template_name_or_list, parent, globals)
  File "/home/sulstice/software/miniconda2/envs/mdpython/lib/python3.7/site-packages/jinja2/environment.py", line 883, in get_template
    return self._load_template(name, self.make_globals(globals))
  File "/home/sulstice/software/miniconda2/envs/mdpython/lib/python3.7/site-packages/jinja2/environment.py", line 857, in _load_template
    template = self.loader.load(self, name, globals)
  File "/home/sulstice/software/miniconda2/envs/mdpython/lib/python3.7/site-packages/jinja2/loaders.py", line 115, in load
    source, filename, uptodate = self.get_source(environment, name)
  File "/home/sulstice/software/miniconda2/envs/mdpython/lib/python3.7/site-packages/flask/templating.py", line 60, in get_source
    return self._get_source_fast(environment, template)
  File "/home/sulstice/software/miniconda2/envs/mdpython/lib/python3.7/site-packages/flask/templating.py", line 89, in _get_source_fast
    raise TemplateNotFound(template)
jinja2.exceptions.TemplateNotFound: test_plugin/test.html
127.0.0.1 - - [28/Jul/2021:15:19:42 -0400] "GET /testappbuilderbaseview/ HTTP/1.1" 500 3614 "http://localhost:8886/home" "Mozilla/5.0 (Macintosh; Intel Mac OS X 10_13_6) AppleWebKit/537.36 (KHTML, like Gecko) Chrome/92.0.4515.107 Safari/537.36"
[2021-07-28 15:19:42,691] {app.py:1892} ERROR - Exception on /testappbuilderbaseview/ [GET]
Traceback (most recent call last):
  File "/home/sulstice/software/miniconda2/envs/mdpython/lib/python3.7/site-packages/flask/app.py", line 2447, in wsgi_app
    response = self.full_dispatch_request()
  File "/home/sulstice/software/miniconda2/envs/mdpython/lib/python3.7/site-packages/flask/app.py", line 1952, in full_dispatch_request
    rv = self.handle_user_exception(e)
  File "/home/sulstice/software/miniconda2/envs/mdpython/lib/python3.7/site-packages/flask/app.py", line 1821, in handle_user_exception
    reraise(exc_type, exc_value, tb)
  File "/home/sulstice/software/miniconda2/envs/mdpython/lib/python3.7/site-packages/flask/_compat.py", line 39, in reraise
    raise value
  File "/home/sulstice/software/miniconda2/envs/mdpython/lib/python3.7/site-packages/flask/app.py", line 1950, in full_dispatch_request
    rv = self.dispatch_request()
  File "/home/sulstice/software/miniconda2/envs/mdpython/lib/python3.7/site-packages/flask/app.py", line 1936, in dispatch_request
    return self.view_functions[rule.endpoint](**req.view_args)
  File "/home/sulstice/airflow/plugins/menu_link/menu_link.py", line 35, in test
    return self.render_template("test_plugin/test.html", content="Hello galaxy!")
  File "/home/sulstice/software/miniconda2/envs/mdpython/lib/python3.7/site-packages/flask_appbuilder/baseviews.py", line 288, in render_template
    template, **dict(list(kwargs.items()) + list(self.extra_args.items()))
  File "/home/sulstice/software/miniconda2/envs/mdpython/lib/python3.7/site-packages/flask/templating.py", line 138, in render_template
    ctx.app.jinja_env.get_or_select_template(template_name_or_list),
  File "/home/sulstice/software/miniconda2/envs/mdpython/lib/python3.7/site-packages/jinja2/environment.py", line 930, in get_or_select_template
    return self.get_template(template_name_or_list, parent, globals)
  File "/home/sulstice/software/miniconda2/envs/mdpython/lib/python3.7/site-packages/jinja2/environment.py", line 883, in get_template
    return self._load_template(name, self.make_globals(globals))
  File "/home/sulstice/software/miniconda2/envs/mdpython/lib/python3.7/site-packages/jinja2/environment.py", line 857, in _load_template
    template = self.loader.load(self, name, globals)
  File "/home/sulstice/software/miniconda2/envs/mdpython/lib/python3.7/site-packages/jinja2/loaders.py", line 115, in load
    source, filename, uptodate = self.get_source(environment, name)
  File "/home/sulstice/software/miniconda2/envs/mdpython/lib/python3.7/site-packages/flask/templating.py", line 60, in get_source
    return self._get_source_fast(environment, template)
  File "/home/sulstice/software/miniconda2/envs/mdpython/lib/python3.7/site-packages/flask/templating.py", line 89, in _get_source_fast
    raise TemplateNotFound(template)
jinja2.exceptions.TemplateNotFound: test_plugin/test.html
127.0.0.1 - - [28/Jul/2021:15:19:42 -0400] "GET /testappbuilderbaseview/ HTTP/1.1" 500 3614 "http://localhost:8886/home" "Mozilla/5.0 (Macintosh; Intel Mac OS X 10_13_6) AppleWebKit/537.36 (KHTML, like Gecko) Chrome/92.0.4515.107 Safari/537.36"
127.0.0.1 - - [28/Jul/2021:15:19:42 -0400] "GET /favicon.ico HTTP/1.1" 404 561 "http://localhost:8886/testappbuilderbaseview/" "Mozilla/5.0 (Macintosh; Intel Mac OS X 10_13_6) AppleWebKit/537.36 (KHTML, like Gecko) Chrome/92.0.4515.107 Safari/537.36"
[2021-07-28 15:19:43,176] {app.py:1892} ERROR - Exception on /testappbuilderbaseview/ [GET]
Traceback (most recent call last):
  File "/home/sulstice/software/miniconda2/envs/mdpython/lib/python3.7/site-packages/flask/app.py", line 2447, in wsgi_app
    response = self.full_dispatch_request()
  File "/home/sulstice/software/miniconda2/envs/mdpython/lib/python3.7/site-packages/flask/app.py", line 1952, in full_dispatch_request
    rv = self.handle_user_exception(e)
  File "/home/sulstice/software/miniconda2/envs/mdpython/lib/python3.7/site-packages/flask/app.py", line 1821, in handle_user_exception
    reraise(exc_type, exc_value, tb)
  File "/home/sulstice/software/miniconda2/envs/mdpython/lib/python3.7/site-packages/flask/_compat.py", line 39, in reraise
    raise value
  File "/home/sulstice/software/miniconda2/envs/mdpython/lib/python3.7/site-packages/flask/app.py", line 1950, in full_dispatch_request
    rv = self.dispatch_request()
  File "/home/sulstice/software/miniconda2/envs/mdpython/lib/python3.7/site-packages/flask/app.py", line 1936, in dispatch_request
    return self.view_functions[rule.endpoint](**req.view_args)
  File "/home/sulstice/airflow/plugins/menu_link/menu_link.py", line 35, in test
    return self.render_template("test_plugin/test.html", content="Hello galaxy!")
  File "/home/sulstice/software/miniconda2/envs/mdpython/lib/python3.7/site-packages/flask_appbuilder/baseviews.py", line 288, in render_template
    template, **dict(list(kwargs.items()) + list(self.extra_args.items()))
  File "/home/sulstice/software/miniconda2/envs/mdpython/lib/python3.7/site-packages/flask/templating.py", line 138, in render_template
    ctx.app.jinja_env.get_or_select_template(template_name_or_list),
  File "/home/sulstice/software/miniconda2/envs/mdpython/lib/python3.7/site-packages/jinja2/environment.py", line 930, in get_or_select_template
    return self.get_template(template_name_or_list, parent, globals)
  File "/home/sulstice/software/miniconda2/envs/mdpython/lib/python3.7/site-packages/jinja2/environment.py", line 883, in get_template
    return self._load_template(name, self.make_globals(globals))
  File "/home/sulstice/software/miniconda2/envs/mdpython/lib/python3.7/site-packages/jinja2/environment.py", line 857, in _load_template
    template = self.loader.load(self, name, globals)
  File "/home/sulstice/software/miniconda2/envs/mdpython/lib/python3.7/site-packages/jinja2/loaders.py", line 115, in load
    source, filename, uptodate = self.get_source(environment, name)
  File "/home/sulstice/software/miniconda2/envs/mdpython/lib/python3.7/site-packages/flask/templating.py", line 60, in get_source
    return self._get_source_fast(environment, template)
  File "/home/sulstice/software/miniconda2/envs/mdpython/lib/python3.7/site-packages/flask/templating.py", line 89, in _get_source_fast
    raise TemplateNotFound(template)
jinja2.exceptions.TemplateNotFound: test_plugin/test.html
127.0.0.1 - - [28/Jul/2021:15:19:43 -0400] "GET /testappbuilderbaseview/ HTTP/1.1" 500 3614 "http://localhost:8886/home" "Mozilla/5.0 (Macintosh; Intel Mac OS X 10_13_6) AppleWebKit/537.36 (KHTML, like Gecko) Chrome/92.0.4515.107 Safari/537.36"
127.0.0.1 - - [28/Jul/2021:15:19:43 -0400] "GET /favicon.ico HTTP/1.1" 404 561 "http://localhost:8886/testappbuilderbaseview/" "Mozilla/5.0 (Macintosh; Intel Mac OS X 10_13_6) AppleWebKit/537.36 (KHTML, like Gecko) Chrome/92.0.4515.107 Safari/537.36"
[2021-07-28 15:19:43,618] {app.py:1892} ERROR - Exception on /testappbuilderbaseview/ [GET]
Traceback (most recent call last):
  File "/home/sulstice/software/miniconda2/envs/mdpython/lib/python3.7/site-packages/flask/app.py", line 2447, in wsgi_app
    response = self.full_dispatch_request()
  File "/home/sulstice/software/miniconda2/envs/mdpython/lib/python3.7/site-packages/flask/app.py", line 1952, in full_dispatch_request
    rv = self.handle_user_exception(e)
  File "/home/sulstice/software/miniconda2/envs/mdpython/lib/python3.7/site-packages/flask/app.py", line 1821, in handle_user_exception
    reraise(exc_type, exc_value, tb)
  File "/home/sulstice/software/miniconda2/envs/mdpython/lib/python3.7/site-packages/flask/_compat.py", line 39, in reraise
    raise value
  File "/home/sulstice/software/miniconda2/envs/mdpython/lib/python3.7/site-packages/flask/app.py", line 1950, in full_dispatch_request
    rv = self.dispatch_request()
  File "/home/sulstice/software/miniconda2/envs/mdpython/lib/python3.7/site-packages/flask/app.py", line 1936, in dispatch_request
    return self.view_functions[rule.endpoint](**req.view_args)
  File "/home/sulstice/airflow/plugins/menu_link/menu_link.py", line 35, in test
    return self.render_template("test_plugin/test.html", content="Hello galaxy!")
  File "/home/sulstice/software/miniconda2/envs/mdpython/lib/python3.7/site-packages/flask_appbuilder/baseviews.py", line 288, in render_template
    template, **dict(list(kwargs.items()) + list(self.extra_args.items()))
  File "/home/sulstice/software/miniconda2/envs/mdpython/lib/python3.7/site-packages/flask/templating.py", line 138, in render_template
    ctx.app.jinja_env.get_or_select_template(template_name_or_list),
  File "/home/sulstice/software/miniconda2/envs/mdpython/lib/python3.7/site-packages/jinja2/environment.py", line 930, in get_or_select_template
    return self.get_template(template_name_or_list, parent, globals)
  File "/home/sulstice/software/miniconda2/envs/mdpython/lib/python3.7/site-packages/jinja2/environment.py", line 883, in get_template
    return self._load_template(name, self.make_globals(globals))
  File "/home/sulstice/software/miniconda2/envs/mdpython/lib/python3.7/site-packages/jinja2/environment.py", line 857, in _load_template
    template = self.loader.load(self, name, globals)
  File "/home/sulstice/software/miniconda2/envs/mdpython/lib/python3.7/site-packages/jinja2/loaders.py", line 115, in load
    source, filename, uptodate = self.get_source(environment, name)
  File "/home/sulstice/software/miniconda2/envs/mdpython/lib/python3.7/site-packages/flask/templating.py", line 60, in get_source
    return self._get_source_fast(environment, template)
  File "/home/sulstice/software/miniconda2/envs/mdpython/lib/python3.7/site-packages/flask/templating.py", line 89, in _get_source_fast
    raise TemplateNotFound(template)
jinja2.exceptions.TemplateNotFound: test_plugin/test.html
127.0.0.1 - - [28/Jul/2021:15:19:43 -0400] "GET /testappbuilderbaseview/ HTTP/1.1" 500 3614 "http://localhost:8886/home" "Mozilla/5.0 (Macintosh; Intel Mac OS X 10_13_6) AppleWebKit/537.36 (KHTML, like Gecko) Chrome/92.0.4515.107 Safari/537.36"
127.0.0.1 - - [28/Jul/2021:15:19:43 -0400] "GET /favicon.ico HTTP/1.1" 404 561 "http://localhost:8886/testappbuilderbaseview/" "Mozilla/5.0 (Macintosh; Intel Mac OS X 10_13_6) AppleWebKit/537.36 (KHTML, like Gecko) Chrome/92.0.4515.107 Safari/537.36"
[2021-07-28 15:19:45 -0400] [3508] [INFO] Handling signal: hup
[2021-07-28 15:19:45 -0400] [3508] [INFO] Hang up: Master
[2021-07-28 15:19:45 -0400] [3661] [INFO] Booting worker with pid: 3661
[2021-07-28 15:19:45 -0400] [3662] [INFO] Booting worker with pid: 3662
[2021-07-28 15:19:45 -0400] [3663] [INFO] Booting worker with pid: 3663
[2021-07-28 15:19:45 -0400] [3528] [INFO] Worker exiting (pid: 3528)
[2021-07-28 15:19:45 -0400] [3529] [INFO] Worker exiting (pid: 3529)
[2021-07-28 15:19:45 -0400] [3530] [INFO] Worker exiting (pid: 3530)
[2021-07-28 15:19:45 -0400] [3527] [INFO] Worker exiting (pid: 3527)
[2021-07-28 15:19:45 -0400] [3664] [INFO] Booting worker with pid: 3664
[2021-07-28 15:19:45 -0400] [3508] [WARNING] Worker with pid 3530 was terminated due to signal 15
[2021-07-28 15:19:45 -0400] [3508] [WARNING] Worker with pid 3527 was terminated due to signal 15
[2021-07-28 15:19:47,181] {plugins_manager.py:336} WARNING - Plugin 'AstronomerMenuLinks' may not be compatible with the current Airflow version. Please contact the author of the plugin.
[2021-07-28 15:19:47,353] {plugins_manager.py:336} WARNING - Plugin 'AstronomerMenuLinks' may not be compatible with the current Airflow version. Please contact the author of the plugin.
[2021-07-28 15:19:47,414] {plugins_manager.py:336} WARNING - Plugin 'AstronomerMenuLinks' may not be compatible with the current Airflow version. Please contact the author of the plugin.
[2021-07-28 15:19:47,439] {plugins_manager.py:336} WARNING - Plugin 'AstronomerMenuLinks' may not be compatible with the current Airflow version. Please contact the author of the plugin.
[2021-07-28 15:19:50 -0400] [3508] [INFO] Handling signal: hup
[2021-07-28 15:19:50 -0400] [3508] [INFO] Hang up: Master
[2021-07-28 15:19:50 -0400] [3793] [INFO] Booting worker with pid: 3793
[2021-07-28 15:19:50 -0400] [3794] [INFO] Booting worker with pid: 3794
[2021-07-28 15:19:50 -0400] [3662] [INFO] Worker exiting (pid: 3662)
[2021-07-28 15:19:50 -0400] [3664] [INFO] Worker exiting (pid: 3664)
[2021-07-28 15:19:50 -0400] [3663] [INFO] Worker exiting (pid: 3663)
[2021-07-28 15:19:50 -0400] [3661] [INFO] Worker exiting (pid: 3661)
[2021-07-28 15:19:50 -0400] [3795] [INFO] Booting worker with pid: 3795
[2021-07-28 15:19:50 -0400] [3796] [INFO] Booting worker with pid: 3796
[2021-07-28 15:19:50 -0400] [3508] [WARNING] Worker with pid 3661 was terminated due to signal 15
[2021-07-28 15:19:50 -0400] [3508] [WARNING] Worker with pid 3662 was terminated due to signal 15
[2021-07-28 15:19:50 -0400] [3508] [WARNING] Worker with pid 3664 was terminated due to signal 15
[2021-07-28 15:19:52,237] {plugins_manager.py:336} WARNING - Plugin 'AstronomerMenuLinks' may not be compatible with the current Airflow version. Please contact the author of the plugin.
[2021-07-28 15:19:52,255] {plugins_manager.py:336} WARNING - Plugin 'AstronomerMenuLinks' may not be compatible with the current Airflow version. Please contact the author of the plugin.
[2021-07-28 15:19:52,275] {plugins_manager.py:336} WARNING - Plugin 'AstronomerMenuLinks' may not be compatible with the current Airflow version. Please contact the author of the plugin.
[2021-07-28 15:19:52,317] {plugins_manager.py:336} WARNING - Plugin 'AstronomerMenuLinks' may not be compatible with the current Airflow version. Please contact the author of the plugin.
[2021-07-28 15:19:55 -0400] [3508] [INFO] Handling signal: hup
[2021-07-28 15:19:55 -0400] [3508] [INFO] Hang up: Master
[2021-07-28 15:19:55 -0400] [3934] [INFO] Booting worker with pid: 3934
[2021-07-28 15:19:55 -0400] [3935] [INFO] Booting worker with pid: 3935
[2021-07-28 15:19:55 -0400] [3793] [INFO] Worker exiting (pid: 3793)
[2021-07-28 15:19:55 -0400] [3796] [INFO] Worker exiting (pid: 3796)
[2021-07-28 15:19:55 -0400] [3794] [INFO] Worker exiting (pid: 3794)
[2021-07-28 15:19:55 -0400] [3795] [INFO] Worker exiting (pid: 3795)
[2021-07-28 15:19:55 -0400] [3936] [INFO] Booting worker with pid: 3936
[2021-07-28 15:19:55 -0400] [3937] [INFO] Booting worker with pid: 3937
[2021-07-28 15:19:55 -0400] [3508] [WARNING] Worker with pid 3796 was terminated due to signal 15
[2021-07-28 15:19:55 -0400] [3508] [WARNING] Worker with pid 3794 was terminated due to signal 15
[2021-07-28 15:19:57,186] {plugins_manager.py:336} WARNING - Plugin 'AstronomerMenuLinks' may not be compatible with the current Airflow version. Please contact the author of the plugin.
[2021-07-28 15:19:57,186] {plugins_manager.py:336} WARNING - Plugin 'AstronomerMenuLinks' may not be compatible with the current Airflow version. Please contact the author of the plugin.
[2021-07-28 15:19:57,204] {plugins_manager.py:336} WARNING - Plugin 'AstronomerMenuLinks' may not be compatible with the current Airflow version. Please contact the author of the plugin.
[2021-07-28 15:19:57,207] {plugins_manager.py:336} WARNING - Plugin 'AstronomerMenuLinks' may not be compatible with the current Airflow version. Please contact the author of the plugin.
[2021-07-28 15:20:00 -0400] [3508] [INFO] Handling signal: hup
[2021-07-28 15:20:00 -0400] [3508] [INFO] Hang up: Master
[2021-07-28 15:20:00 -0400] [4044] [INFO] Booting worker with pid: 4044
[2021-07-28 15:20:00 -0400] [4045] [INFO] Booting worker with pid: 4045
[2021-07-28 15:20:00 -0400] [3936] [INFO] Worker exiting (pid: 3936)
[2021-07-28 15:20:00 -0400] [3937] [INFO] Worker exiting (pid: 3937)
[2021-07-28 15:20:00 -0400] [3935] [INFO] Worker exiting (pid: 3935)
[2021-07-28 15:20:00 -0400] [3934] [INFO] Worker exiting (pid: 3934)
[2021-07-28 15:20:00 -0400] [4046] [INFO] Booting worker with pid: 4046
[2021-07-28 15:20:00 -0400] [4047] [INFO] Booting worker with pid: 4047
[2021-07-28 15:20:00 -0400] [3508] [WARNING] Worker with pid 3934 was terminated due to signal 15
[2021-07-28 15:20:00 -0400] [3508] [WARNING] Worker with pid 3936 was terminated due to signal 15
[2021-07-28 15:20:00 -0400] [3508] [WARNING] Worker with pid 3935 was terminated due to signal 15
[2021-07-28 15:20:02,346] {plugins_manager.py:336} WARNING - Plugin 'AstronomerMenuLinks' may not be compatible with the current Airflow version. Please contact the author of the plugin.
[2021-07-28 15:20:02,402] {plugins_manager.py:336} WARNING - Plugin 'AstronomerMenuLinks' may not be compatible with the current Airflow version. Please contact the author of the plugin.
[2021-07-28 15:20:02,439] {plugins_manager.py:336} WARNING - Plugin 'AstronomerMenuLinks' may not be compatible with the current Airflow version. Please contact the author of the plugin.
[2021-07-28 15:20:02,459] {plugins_manager.py:336} WARNING - Plugin 'AstronomerMenuLinks' may not be compatible with the current Airflow version. Please contact the author of the plugin.
[2021-07-28 15:20:05 -0400] [3508] [INFO] Handling signal: hup
[2021-07-28 15:20:05 -0400] [3508] [INFO] Hang up: Master
[2021-07-28 15:20:05 -0400] [4232] [INFO] Booting worker with pid: 4232
[2021-07-28 15:20:05 -0400] [4233] [INFO] Booting worker with pid: 4233
[2021-07-28 15:20:05 -0400] [4234] [INFO] Booting worker with pid: 4234
[2021-07-28 15:20:05 -0400] [4046] [INFO] Worker exiting (pid: 4046)
[2021-07-28 15:20:05 -0400] [4044] [INFO] Worker exiting (pid: 4044)
[2021-07-28 15:20:05 -0400] [4045] [INFO] Worker exiting (pid: 4045)
[2021-07-28 15:20:05 -0400] [4047] [INFO] Worker exiting (pid: 4047)
[2021-07-28 15:20:05 -0400] [4235] [INFO] Booting worker with pid: 4235
[2021-07-28 15:20:05 -0400] [3508] [WARNING] Worker with pid 4044 was terminated due to signal 15
[2021-07-28 15:20:05 -0400] [3508] [WARNING] Worker with pid 4046 was terminated due to signal 15
[2021-07-28 15:20:05 -0400] [3508] [WARNING] Worker with pid 4047 was terminated due to signal 15
[2021-07-28 15:20:07,401] {plugins_manager.py:336} WARNING - Plugin 'AstronomerMenuLinks' may not be compatible with the current Airflow version. Please contact the author of the plugin.
[2021-07-28 15:20:07,461] {plugins_manager.py:336} WARNING - Plugin 'AstronomerMenuLinks' may not be compatible with the current Airflow version. Please contact the author of the plugin.
[2021-07-28 15:20:07,467] {plugins_manager.py:336} WARNING - Plugin 'AstronomerMenuLinks' may not be compatible with the current Airflow version. Please contact the author of the plugin.
[2021-07-28 15:20:07,473] {plugins_manager.py:336} WARNING - Plugin 'AstronomerMenuLinks' may not be compatible with the current Airflow version. Please contact the author of the plugin.
[2021-07-28 15:20:10 -0400] [3508] [INFO] Handling signal: hup
[2021-07-28 15:20:10 -0400] [3508] [INFO] Hang up: Master
[2021-07-28 15:20:10 -0400] [4337] [INFO] Booting worker with pid: 4337
[2021-07-28 15:20:10 -0400] [4233] [INFO] Worker exiting (pid: 4233)
[2021-07-28 15:20:10 -0400] [4235] [INFO] Worker exiting (pid: 4235)
[2021-07-28 15:20:10 -0400] [4232] [INFO] Worker exiting (pid: 4232)
[2021-07-28 15:20:10 -0400] [4234] [INFO] Worker exiting (pid: 4234)
[2021-07-28 15:20:10 -0400] [4338] [INFO] Booting worker with pid: 4338
[2021-07-28 15:20:10 -0400] [4339] [INFO] Booting worker with pid: 4339
[2021-07-28 15:20:10 -0400] [4340] [INFO] Booting worker with pid: 4340
[2021-07-28 15:20:10 -0400] [3508] [WARNING] Worker with pid 4234 was terminated due to signal 15
[2021-07-28 15:20:10 -0400] [3508] [WARNING] Worker with pid 4233 was terminated due to signal 15
[2021-07-28 15:20:10 -0400] [3508] [WARNING] Worker with pid 4235 was terminated due to signal 15
[2021-07-28 15:20:12,552] {plugins_manager.py:336} WARNING - Plugin 'AstronomerMenuLinks' may not be compatible with the current Airflow version. Please contact the author of the plugin.
[2021-07-28 15:20:12,573] {plugins_manager.py:336} WARNING - Plugin 'AstronomerMenuLinks' may not be compatible with the current Airflow version. Please contact the author of the plugin.
[2021-07-28 15:20:12,599] {plugins_manager.py:336} WARNING - Plugin 'AstronomerMenuLinks' may not be compatible with the current Airflow version. Please contact the author of the plugin.
[2021-07-28 15:20:12,622] {plugins_manager.py:336} WARNING - Plugin 'AstronomerMenuLinks' may not be compatible with the current Airflow version. Please contact the author of the plugin.
[2021-07-28 15:20:15 -0400] [3508] [INFO] Handling signal: hup
[2021-07-28 15:20:15 -0400] [3508] [INFO] Hang up: Master
[2021-07-28 15:20:15 -0400] [4463] [INFO] Booting worker with pid: 4463
[2021-07-28 15:20:15 -0400] [4464] [INFO] Booting worker with pid: 4464
[2021-07-28 15:20:15 -0400] [4465] [INFO] Booting worker with pid: 4465
[2021-07-28 15:20:15 -0400] [4338] [INFO] Worker exiting (pid: 4338)
[2021-07-28 15:20:15 -0400] [4339] [INFO] Worker exiting (pid: 4339)
[2021-07-28 15:20:15 -0400] [4337] [INFO] Worker exiting (pid: 4337)
[2021-07-28 15:20:15 -0400] [4340] [INFO] Worker exiting (pid: 4340)
[2021-07-28 15:20:15 -0400] [4466] [INFO] Booting worker with pid: 4466
[2021-07-28 15:20:16 -0400] [3508] [WARNING] Worker with pid 4339 was terminated due to signal 15
[2021-07-28 15:20:16 -0400] [3508] [WARNING] Worker with pid 4338 was terminated due to signal 15
[2021-07-28 15:20:16 -0400] [3508] [WARNING] Worker with pid 4337 was terminated due to signal 15
[2021-07-28 15:20:17,704] {plugins_manager.py:336} WARNING - Plugin 'AstronomerMenuLinks' may not be compatible with the current Airflow version. Please contact the author of the plugin.
[2021-07-28 15:20:17,731] {plugins_manager.py:336} WARNING - Plugin 'AstronomerMenuLinks' may not be compatible with the current Airflow version. Please contact the author of the plugin.
[2021-07-28 15:20:17,743] {plugins_manager.py:336} WARNING - Plugin 'AstronomerMenuLinks' may not be compatible with the current Airflow version. Please contact the author of the plugin.
[2021-07-28 15:20:17,801] {plugins_manager.py:336} WARNING - Plugin 'AstronomerMenuLinks' may not be compatible with the current Airflow version. Please contact the author of the plugin.
[2021-07-28 15:20:20 -0400] [3508] [INFO] Handling signal: hup
[2021-07-28 15:20:20 -0400] [3508] [INFO] Hang up: Master
[2021-07-28 15:20:20 -0400] [4620] [INFO] Booting worker with pid: 4620
[2021-07-28 15:20:20 -0400] [4621] [INFO] Booting worker with pid: 4621
[2021-07-28 15:20:20 -0400] [4463] [INFO] Worker exiting (pid: 4463)
[2021-07-28 15:20:20 -0400] [4465] [INFO] Worker exiting (pid: 4465)
[2021-07-28 15:20:20 -0400] [4464] [INFO] Worker exiting (pid: 4464)
[2021-07-28 15:20:20 -0400] [4622] [INFO] Booting worker with pid: 4622
[2021-07-28 15:20:20 -0400] [4623] [INFO] Booting worker with pid: 4623
[2021-07-28 15:20:20 -0400] [4466] [INFO] Worker exiting (pid: 4466)
[2021-07-28 15:20:21 -0400] [3508] [WARNING] Worker with pid 4466 was terminated due to signal 15
[2021-07-28 15:20:21 -0400] [3508] [WARNING] Worker with pid 4465 was terminated due to signal 15
[2021-07-28 15:20:21 -0400] [3508] [WARNING] Worker with pid 4464 was terminated due to signal 15
[2021-07-28 15:20:22,734] {plugins_manager.py:336} WARNING - Plugin 'AstronomerMenuLinks' may not be compatible with the current Airflow version. Please contact the author of the plugin.
[2021-07-28 15:20:22,749] {plugins_manager.py:336} WARNING - Plugin 'AstronomerMenuLinks' may not be compatible with the current Airflow version. Please contact the author of the plugin.
[2021-07-28 15:20:22,750] {plugins_manager.py:336} WARNING - Plugin 'AstronomerMenuLinks' may not be compatible with the current Airflow version. Please contact the author of the plugin.
[2021-07-28 15:20:22,778] {plugins_manager.py:336} WARNING - Plugin 'AstronomerMenuLinks' may not be compatible with the current Airflow version. Please contact the author of the plugin.
[2021-07-28 15:20:25 -0400] [3508] [INFO] Handling signal: hup
[2021-07-28 15:20:25 -0400] [3508] [INFO] Hang up: Master
[2021-07-28 15:20:25 -0400] [4757] [INFO] Booting worker with pid: 4757
[2021-07-28 15:20:25 -0400] [4758] [INFO] Booting worker with pid: 4758
[2021-07-28 15:20:25 -0400] [4623] [INFO] Worker exiting (pid: 4623)
[2021-07-28 15:20:25 -0400] [4620] [INFO] Worker exiting (pid: 4620)
[2021-07-28 15:20:25 -0400] [4759] [INFO] Booting worker with pid: 4759
[2021-07-28 15:20:25 -0400] [4622] [INFO] Worker exiting (pid: 4622)
[2021-07-28 15:20:25 -0400] [4621] [INFO] Worker exiting (pid: 4621)
[2021-07-28 15:20:25 -0400] [4760] [INFO] Booting worker with pid: 4760
[2021-07-28 15:20:26 -0400] [3508] [WARNING] Worker with pid 4620 was terminated due to signal 15
[2021-07-28 15:20:26 -0400] [3508] [WARNING] Worker with pid 4621 was terminated due to signal 15
[2021-07-28 15:20:26 -0400] [3508] [WARNING] Worker with pid 4622 was terminated due to signal 15
[2021-07-28 15:20:27,910] {plugins_manager.py:336} WARNING - Plugin 'AstronomerMenuLinks' may not be compatible with the current Airflow version. Please contact the author of the plugin.
[2021-07-28 15:20:27,929] {plugins_manager.py:336} WARNING - Plugin 'AstronomerMenuLinks' may not be compatible with the current Airflow version. Please contact the author of the plugin.
[2021-07-28 15:20:27,951] {plugins_manager.py:336} WARNING - Plugin 'AstronomerMenuLinks' may not be compatible with the current Airflow version. Please contact the author of the plugin.
[2021-07-28 15:20:27,989] {plugins_manager.py:336} WARNING - Plugin 'AstronomerMenuLinks' may not be compatible with the current Airflow version. Please contact the author of the plugin.
[2021-07-28 15:20:31 -0400] [3508] [INFO] Handling signal: hup
[2021-07-28 15:20:31 -0400] [3508] [INFO] Hang up: Master
[2021-07-28 15:20:31 -0400] [4841] [INFO] Booting worker with pid: 4841
[2021-07-28 15:20:31 -0400] [4842] [INFO] Booting worker with pid: 4842
[2021-07-28 15:20:31 -0400] [4843] [INFO] Booting worker with pid: 4843
[2021-07-28 15:20:31 -0400] [4757] [INFO] Worker exiting (pid: 4757)
[2021-07-28 15:20:31 -0400] [4759] [INFO] Worker exiting (pid: 4759)
[2021-07-28 15:20:31 -0400] [4760] [INFO] Worker exiting (pid: 4760)
[2021-07-28 15:20:31 -0400] [4758] [INFO] Worker exiting (pid: 4758)
[2021-07-28 15:20:31 -0400] [4844] [INFO] Booting worker with pid: 4844
[2021-07-28 15:20:31 -0400] [3508] [WARNING] Worker with pid 4758 was terminated due to signal 15
[2021-07-28 15:20:31 -0400] [3508] [WARNING] Worker with pid 4759 was terminated due to signal 15
[2021-07-28 15:20:31 -0400] [3508] [WARNING] Worker with pid 4757 was terminated due to signal 15
[2021-07-28 15:20:33,235] {plugins_manager.py:336} WARNING - Plugin 'AstronomerMenuLinks' may not be compatible with the current Airflow version. Please contact the author of the plugin.
[2021-07-28 15:20:33,260] {plugins_manager.py:336} WARNING - Plugin 'AstronomerMenuLinks' may not be compatible with the current Airflow version. Please contact the author of the plugin.
[2021-07-28 15:20:33,280] {plugins_manager.py:336} WARNING - Plugin 'AstronomerMenuLinks' may not be compatible with the current Airflow version. Please contact the author of the plugin.
[2021-07-28 15:20:33,323] {plugins_manager.py:336} WARNING - Plugin 'AstronomerMenuLinks' may not be compatible with the current Airflow version. Please contact the author of the plugin.
[2021-07-28 15:20:36 -0400] [3508] [INFO] Handling signal: hup
[2021-07-28 15:20:36 -0400] [3508] [INFO] Hang up: Master
[2021-07-28 15:20:36 -0400] [4960] [INFO] Booting worker with pid: 4960
[2021-07-28 15:20:36 -0400] [4961] [INFO] Booting worker with pid: 4961
[2021-07-28 15:20:36 -0400] [4842] [INFO] Worker exiting (pid: 4842)
[2021-07-28 15:20:36 -0400] [4844] [INFO] Worker exiting (pid: 4844)
[2021-07-28 15:20:36 -0400] [4841] [INFO] Worker exiting (pid: 4841)
[2021-07-28 15:20:36 -0400] [4843] [INFO] Worker exiting (pid: 4843)
[2021-07-28 15:20:36 -0400] [4962] [INFO] Booting worker with pid: 4962
[2021-07-28 15:20:36 -0400] [4963] [INFO] Booting worker with pid: 4963
[2021-07-28 15:20:36 -0400] [3508] [WARNING] Worker with pid 4841 was terminated due to signal 15
[2021-07-28 15:20:36 -0400] [3508] [WARNING] Worker with pid 4843 was terminated due to signal 15
[2021-07-28 15:20:38,166] {plugins_manager.py:336} WARNING - Plugin 'AstronomerMenuLinks' may not be compatible with the current Airflow version. Please contact the author of the plugin.
[2021-07-28 15:20:38,183] {plugins_manager.py:336} WARNING - Plugin 'AstronomerMenuLinks' may not be compatible with the current Airflow version. Please contact the author of the plugin.
[2021-07-28 15:20:38,462] {plugins_manager.py:336} WARNING - Plugin 'AstronomerMenuLinks' may not be compatible with the current Airflow version. Please contact the author of the plugin.
[2021-07-28 15:20:38,469] {plugins_manager.py:336} WARNING - Plugin 'AstronomerMenuLinks' may not be compatible with the current Airflow version. Please contact the author of the plugin.
[2021-07-28 15:20:42 -0400] [3508] [INFO] Handling signal: hup
[2021-07-28 15:20:42 -0400] [3508] [INFO] Hang up: Master
[2021-07-28 15:20:42 -0400] [5098] [INFO] Booting worker with pid: 5098
[2021-07-28 15:20:42 -0400] [5099] [INFO] Booting worker with pid: 5099
[2021-07-28 15:20:42 -0400] [4963] [INFO] Worker exiting (pid: 4963)
[2021-07-28 15:20:42 -0400] [4961] [INFO] Worker exiting (pid: 4961)
[2021-07-28 15:20:42 -0400] [4962] [INFO] Worker exiting (pid: 4962)
[2021-07-28 15:20:42 -0400] [5100] [INFO] Booting worker with pid: 5100
[2021-07-28 15:20:42 -0400] [4960] [INFO] Worker exiting (pid: 4960)
[2021-07-28 15:20:42 -0400] [5101] [INFO] Booting worker with pid: 5101
[2021-07-28 15:20:42 -0400] [3508] [WARNING] Worker with pid 4960 was terminated due to signal 15
[2021-07-28 15:20:42 -0400] [3508] [WARNING] Worker with pid 4961 was terminated due to signal 15
[2021-07-28 15:20:42 -0400] [3508] [WARNING] Worker with pid 4963 was terminated due to signal 15
[2021-07-28 15:20:43 -0400] [3508] [INFO] Handling signal: term
[2021-07-28 15:20:44,300] {plugins_manager.py:336} WARNING - Plugin 'AstronomerMenuLinks' may not be compatible with the current Airflow version. Please contact the author of the plugin.
[2021-07-28 15:20:44,312] {plugins_manager.py:336} WARNING - Plugin 'AstronomerMenuLinks' may not be compatible with the current Airflow version. Please contact the author of the plugin.
[2021-07-28 15:20:44,363] {plugins_manager.py:336} WARNING - Plugin 'AstronomerMenuLinks' may not be compatible with the current Airflow version. Please contact the author of the plugin.
[2021-07-28 15:20:44,378] {plugins_manager.py:336} WARNING - Plugin 'AstronomerMenuLinks' may not be compatible with the current Airflow version. Please contact the author of the plugin.
[2021-07-28 15:20:45 -0400] [5099] [INFO] Worker exiting (pid: 5099)
[2021-07-28 15:20:45 -0400] [5100] [INFO] Worker exiting (pid: 5100)
[2021-07-28 15:20:45 -0400] [5101] [INFO] Worker exiting (pid: 5101)
[2021-07-28 15:20:45 -0400] [5098] [INFO] Worker exiting (pid: 5098)
[2021-07-28 15:20:46 -0400] [3508] [INFO] Shutting down: Master
[2021-07-28 15:20:46,370] {webserver_command.py:255} ERROR - [0 / 0] Some workers seem to have died and gunicorn did not restart them as expected
[2021-07-28 15:20:56,388] {webserver_command.py:268} INFO - [0 / 0] Spawning 1 workers
[2021-07-28 15:22:56,426] {webserver_command.py:217} ERROR - No response from gunicorn master within 120 seconds
[2021-07-28 15:22:56,427] {webserver_command.py:218} ERROR - Shutting down webserver
